0 info it worked if it ends with ok
1 verbose cli [ '/Users/mfanger/.nvm/versions/node/v6.8.1/bin/node',
1 verbose cli   '/Users/mfanger/.nvm/versions/node/v6.8.1/bin/npm',
1 verbose cli   'run',
1 verbose cli   'build-watch' ]
2 info using npm@3.10.8
3 info using node@v6.8.1
4 verbose run-script [ 'prebuild-watch', 'build-watch', 'postbuild-watch' ]
5 info lifecycle deck-of-cards@1.0.0~prebuild-watch: deck-of-cards@1.0.0
6 silly lifecycle deck-of-cards@1.0.0~prebuild-watch: no script for prebuild-watch, continuing
7 info lifecycle deck-of-cards@1.0.0~build-watch: deck-of-cards@1.0.0
8 verbose lifecycle deck-of-cards@1.0.0~build-watch: unsafe-perm in lifecycle true
9 verbose lifecycle deck-of-cards@1.0.0~build-watch: PATH: /Users/mfanger/.nvm/versions/node/v6.8.1/lib/node_modules/npm/bin/node-gyp-bin:/Users/mfanger/PersonalProjects/backstop/deck-of-cards/node_modules/.bin:/Users/mfanger/.nvm/versions/node/v6.8.1/bin:/usr/local/bin:/usr/bin:/bin:/usr/sbin:/sbin
10 verbose lifecycle deck-of-cards@1.0.0~build-watch: CWD: /Users/mfanger/PersonalProjects/backstop/deck-of-cards
11 silly lifecycle deck-of-cards@1.0.0~build-watch: Args: [ '-c', 'babel src --watch out-dir lib' ]
12 silly lifecycle deck-of-cards@1.0.0~build-watch: Returned: code: 2  signal: null
13 info lifecycle deck-of-cards@1.0.0~build-watch: Failed to exec build-watch script
14 verbose stack Error: deck-of-cards@1.0.0 build-watch: `babel src --watch out-dir lib`
14 verbose stack Exit status 2
14 verbose stack     at EventEmitter.<anonymous> (/Users/mfanger/.nvm/versions/node/v6.8.1/lib/node_modules/npm/lib/utils/lifecycle.js:255:16)
14 verbose stack     at emitTwo (events.js:106:13)
14 verbose stack     at EventEmitter.emit (events.js:191:7)
14 verbose stack     at ChildProcess.<anonymous> (/Users/mfanger/.nvm/versions/node/v6.8.1/lib/node_modules/npm/lib/utils/spawn.js:40:14)
14 verbose stack     at emitTwo (events.js:106:13)
14 verbose stack     at ChildProcess.emit (events.js:191:7)
14 verbose stack     at maybeClose (internal/child_process.js:877:16)
14 verbose stack     at Process.ChildProcess._handle.onexit (internal/child_process.js:226:5)
15 verbose pkgid deck-of-cards@1.0.0
16 verbose cwd /Users/mfanger/PersonalProjects/backstop/deck-of-cards
17 error Darwin 15.6.0
18 error argv "/Users/mfanger/.nvm/versions/node/v6.8.1/bin/node" "/Users/mfanger/.nvm/versions/node/v6.8.1/bin/npm" "run" "build-watch"
19 error node v6.8.1
20 error npm  v3.10.8
21 error code ELIFECYCLE
22 error deck-of-cards@1.0.0 build-watch: `babel src --watch out-dir lib`
22 error Exit status 2
23 error Failed at the deck-of-cards@1.0.0 build-watch script 'babel src --watch out-dir lib'.
23 error Make sure you have the latest version of node.js and npm installed.
23 error If you do, this is most likely a problem with the deck-of-cards package,
23 error not with npm itself.
23 error Tell the author that this fails on your system:
23 error     babel src --watch out-dir lib
23 error You can get information on how to open an issue for this project with:
23 error     npm bugs deck-of-cards
23 error Or if that isn't available, you can get their info via:
23 error     npm owner ls deck-of-cards
23 error There is likely additional logging output above.
24 verbose exit [ 1, true ]
